build/app/outputs/mapping/release/mapping.txt
# compiler: R8
# compiler_version: 2.1.62
# min_api: 21
# pg_map_id: 29df10d
# common_typos_disable
...
com.google.android.gms.common.api.internal.zaz -> com.google.android.gms.common.api.internal.y2:
    com.google.android.gms.common.api.internal.zax zafi -> a
    void onComplete(com.google.android.gms.tasks.Task) -> a
com.google.android.gms.common.api.internal.zza -> com.google.android.gms.common.api.internal.z2:
    java.util.Map zzbf -> a
    android.os.Bundle zzbh -> c
    java.util.WeakHashMap zzbe -> d
    int zzbg -> b
    int zza(com.google.android.gms.common.api.internal.zza) -> a
    com.google.android.gms.common.api.internal.zza zza(android.app.Activity) -> b
    com.google.android.gms.common.api.internal.LifecycleCallback getCallbackOrNull(java.lang.String,java.lang.Class) -> c
    android.app.Activity getLifecycleActivity() -> d
    void addCallback(java.lang.String,com.google.android.gms.common.api.internal.LifecycleCallback) -> e
    android.os.Bundle zzb(com.google.android.gms.common.api.internal.zza) -> f
com.google.android.gms.common.api.internal.zzb -> com.google.android.gms.common.api.internal.a3:
    com.google.android.gms.common.api.internal.zza zzbk -> c
    com.google.android.gms.common.api.internal.LifecycleCallback zzbi -> a
    java.lang.String zzbj -> b
com.google.android.gms.common.api.internal.zzc -> com.google.android.gms.common.api.internal.b3:
    int zzbg -> Y
    android.os.Bundle zzbh -> Z
    java.util.WeakHashMap zzbe -> a0
    java.util.Map zzbf -> X
    void onActivityResult(int,int,android.content.Intent) -> W
    void onCreate(android.os.Bundle) -> b0
    com.google.android.gms.common.api.internal.LifecycleCallback getCallbackOrNull(java.lang.String,java.lang.Class) -> c
    android.app.Activity getLifecycleActivity() -> d
    void addCallback(java.lang.String,com.google.android.gms.common.api.internal.LifecycleCallback) -> e
    void dump(java.lang.String,java.io.FileDescriptor,java.io.PrintWriter,java.lang.String[]) -> g
    void onDestroy() -> g0
    int zza(com.google.android.gms.common.api.internal.zzc) -> p1
    com.google.android.gms.common.api.internal.zzc zza(androidx.fragment.app.FragmentActivity) -> q1
    android.os.Bundle zzb(com.google.android.gms.common.api.internal.zzc) -> r1
    void onResume() -> w0
    void onSaveInstanceState(android.os.Bundle) -> x0
    void onStart() -> y0
    void onStop() -> z0
com.google.android.gms.common.api.internal.zzd -> com.google.android.gms.common.api.internal.c3:
    com.google.android.gms.common.api.internal.zzc zzbl -> c
    com.google.android.gms.common.api.internal.LifecycleCallback zzbi -> a
    java.lang.String zzbj -> b
com.google.android.gms.common.api.zab -> com.google.android.gms.common.api.q:
com.google.android.gms.common.api.zac -> com.google.android.gms.common.api.r:
    void remove(int) -> a
com.google.android.gms.common.api.zza -> com.google.android.gms.common.api.s:
com.google.android.gms.common.api.zzb -> com.google.android.gms.common.api.t:
com.google.android.gms.common.internal.AccountAccessor -> com.google.android.gms.common.internal.a:
    android.accounts.Account getAccountBinderSafe(com.google.android.gms.common.internal.IAccountAccessor) -> e
com.google.android.gms.common.internal.ApiExceptionUtil -> com.google.android.gms.common.internal.b:
    com.google.android.gms.common.api.ApiException fromStatus(com.google.android.gms.common.api.Status) -> a