build/app/outputs/mapping/release/usage.txt
com.example.library_system.R$mipmap
com.example.library_system.R$bool
com.example.library_system.BuildConfig
com.example.library_system.R$style
com.example.library_system.R$id
com.example.library_system.R$dimen
com.example.library_system.R$styleable
com.example.library_system.R$drawable
com.example.library_system.R$attr
com.example.library_system.R$color
com.example.library_system.R$raw
com.example.library_system.R$integer
com.example.library_system.R$layout
com.example.library_system.R$string
com.example.library_system.R
...
com.google.android.gms.auth.account.zzg
com.razorpay.razorpay_flutter.R$integer
androidx.core.view.ViewCompat$3
androidx.arch.core.executor.TaskExecutor:
    public void executeOnMainThread(java.lang.Runnable)
androidx.core.net.DatagramSocketWrapper$DatagramSocketImplWrapper
androidx.core.graphics.PathSegment
kotlin.UnsignedKt
com.google.android.gms.common.util.DeviceProperties:
    private void <init>()
    public static boolean isTablet(android.content.res.Resources)
    public static boolean isLatchsky(android.content.Context)
    public static boolean isAuto(android.content.Context)
    public static boolean isTv(android.content.Context)
    private static java.lang.Boolean zzgn
    private static java.lang.Boolean zzgo
    private static java.lang.Boolean zzgr
    private static java.lang.Boolean zzgt
    private static java.lang.Boolean zzgu
androidx.core.graphics.drawable.RoundedBitmapDrawable
kotlin.SafePublicationLazyImpl
com.google.android.gms.common.api.internal.zabs:
    public abstract com.google.android.gms.common.api.internal.BaseImplementation$ApiMethodImpl enqueue(com.google.android.gms.common.api.internal.BaseImplementation$ApiMethodImpl)
    public abstract com.google.android.gms.common.ConnectionResult blockingConnect(long,java.util.concurrent.TimeUnit)
    public abstract com.google.android.gms.common.ConnectionResult getConnectionResult(com.google.android.gms.common.api.Api)
    public abstract boolean isConnecting()
kotlin.time.DurationUnitKt__DurationUnitJvmKt
com.google.android.gms.auth.GooglePlayServicesAvailabilityException
kotlin.coroutines.jvm.internal.RestrictedSuspendLambda
com.google.android.gms.auth.api.signin.internal.zzf:
    private static com.google.android.gms.auth.api.signin.GoogleSignInOptions zzc(com.google.android.gms.common.api.GoogleApiClient)
    public final android.content.Intent getSignInIntent(com.google.android.gms.common.api.GoogleApiClient)
    public final com.google.android.gms.common.api.OptionalPendingResult silentSignIn(com.google.android.gms.common.api.GoogleApiClient)
    public final com.google.android.gms.common.api.PendingResult signOut(com.google.android.gms.common.api.GoogleApiClient)
    public final com.google.android.gms.auth.api.signin.GoogleSignInResult getSignInResultFromIntent(android.content.Intent)
kotlin.text.StringsKt__RegexExtensionsJVMKt
com.google.android.gms.common.server.converter.zac
com.google.android.gms.common.util.ArrayUtils:
    public static boolean contains(int[],int)
    public static java.lang.Integer[] toWrapperArray(int[])
    private void <init>()
    public static void writeArray(java.lang.StringBuilder,java.lang.Object[])
    public static void writeArray(java.lang.StringBuilder,int[])
    public static void writeArray(java.lang.StringBuilder,long[])
    public static void writeArray(java.lang.StringBuilder,float[])
    public static void writeArray(java.lang.StringBuilder,double[])
    public static void writeArray(java.lang.StringBuilder,boolean[])
    public static void writeStringArray(java.lang.StringBuilder,java.lang.String[])
    public static varargs java.lang.Object[] concat(java.lang.Object[][])
    public static varargs byte[] concatByteArrays(byte[][])
    public static java.lang.Object[] appendToArray(java.lang.Object[],java.lang.Object)
    public static varargs java.lang.Object[] removeAll(java.lang.Object[],java.lang.Object[])
    public static java.util.ArrayList newArrayList()
    public static java.util.ArrayList toArrayList(java.lang.Object[])
    public static int[] toPrimitiveArray(java.util.Collection)
com.google.android.gms.internal.auth.zzaq
androidx.core.database.sqlite.SQLiteCursorCompat
kotlin.coroutines.experimental.CoroutineContext
androidx.fragment.app.ListFragment$2
kotlin.jvm.internal.markers.KMappedMarker
io.flutter.embedding.android.FlutterView$RenderMode
kotlin.collections.ReversedList
androidx.core.view.ViewPropertyAnimatorListener
kotlin.ranges.LongProgression